  CError.cpp
C:\Users\karol\source\repos\matrix2\matrix2\CError.cpp(26,34): warning C4018: "<": niezgodność typu ze znakiem/bez znaku
  main.cpp
C:\Users\karol\source\repos\matrix2\matrix2\const.h(6,41): warning C4244: "inicjowanie": konwersja z "double" do "int", możliwa utrata danych
C:\Users\karol\source\repos\matrix2\matrix2\const.h(7,40): warning C4244: "inicjowanie": konwersja z "double" do "int", możliwa utrata danych
C:\Users\karol\source\repos\matrix2\matrix2\CMatrix.h(133,33): warning C4018: "<": niezgodność typu ze znakiem/bez znaku
C:\Users\karol\source\repos\matrix2\matrix2\CMatrix.h(115): message : podczas kompilowania funkcji składowej „CMatrix<int>::CMatrix(std::string)” klasy klasa szablon
C:\Users\karol\source\repos\matrix2\matrix2\main.cpp(12): message : zobacz odwołanie do kompilowanego tworzenia wystąpienia „CMatrix<int>::CMatrix(std::string)” funkcji szablon
C:\Users\karol\source\repos\matrix2\matrix2\main.cpp(12): message : zobacz odwołanie do kompilowanego tworzenia wystąpienia „CMatrix<int>” klasy klasa szablon
C:\Users\karol\source\repos\matrix2\matrix2\CMatrix.h(140,47): warning C4018: ">": niezgodność typu ze znakiem/bez znaku
C:\Users\karol\source\repos\matrix2\matrix2\CMatrix.h(148,47): warning C4018: "<": niezgodność typu ze znakiem/bez znaku
C:\Users\karol\source\repos\matrix2\matrix2\CMatrix.h(185,25): warning C4018: "<": niezgodność typu ze znakiem/bez znaku
C:\Users\karol\source\repos\matrix2\matrix2\CMatrix.h(182): message : podczas kompilowania funkcji składowej „std::vector<std::string,std::allocator<std::string>> CMatrix<int>::s_split(std::string)” klasy klasa szablon
C:\Users\karol\source\repos\matrix2\matrix2\CMatrix.h(129): message : zobacz odwołanie do kompilowanego tworzenia wystąpienia „std::vector<std::string,std::allocator<std::string>> CMatrix<int>::s_split(std::string)” funkcji szablon
C:\Users\karol\source\repos\matrix2\matrix2\CMatrix.h(115): message : podczas kompilowania funkcji składowej „CMatrix<int>::CMatrix(std::string)” klasy klasa szablon
C:\Users\karol\source\repos\matrix2\matrix2\main.cpp(12): message : zobacz odwołanie do kompilowanego tworzenia wystąpienia „CMatrix<int>::CMatrix(std::string)” funkcji szablon
C:\Users\karol\source\repos\matrix2\matrix2\CMatrix.h(217,25): warning C4018: "<": niezgodność typu ze znakiem/bez znaku
C:\Users\karol\source\repos\matrix2\matrix2\CMatrix.h(216): message : podczas kompilowania funkcji składowej „bool CMatrix<int>::b_contains(std::string,char)” klasy klasa szablon
C:\Users\karol\source\repos\matrix2\matrix2\CMatrix.h(208): message : zobacz odwołanie do kompilowanego tworzenia wystąpienia „bool CMatrix<int>::b_contains(std::string,char)” funkcji szablon
C:\Users\karol\source\repos\matrix2\matrix2\CMatrix.h(62): message : podczas kompilowania funkcji składowej „void CMatrix<int>::v_allocate_space(int,int)” klasy klasa szablon
C:\Users\karol\source\repos\matrix2\matrix2\CMatrix.h(157): message : zobacz odwołanie do kompilowanego tworzenia wystąpienia „void CMatrix<int>::v_allocate_space(int,int)” funkcji szablon
C:\Users\karol\source\repos\matrix2\matrix2\CMatrix.h(252,15): warning C4244: "return": konwersja z "double" do "T", możliwa utrata danych
          with
          [
              T=int
          ]
C:\Users\karol\source\repos\matrix2\matrix2\CMatrix.h(251): message : podczas kompilowania funkcji składowej „T CMatrix<T>::b_convert_double_float(std::string)” klasy klasa szablon
          with
          [
              T=int
          ]
C:\Users\karol\source\repos\matrix2\matrix2\CMatrix.h(209): message : zobacz odwołanie do kompilowanego tworzenia wystąpienia „T CMatrix<T>::b_convert_double_float(std::string)” funkcji szablon
          with
          [
              T=int
          ]
C:\Users\karol\source\repos\matrix2\matrix2\CMatrix.h(252,15): warning C4244: "return": konwersja z "double" do "T", możliwa utrata danych
          with
          [
              T=float
          ]
C:\Users\karol\source\repos\matrix2\matrix2\CMatrix.h(251): message : podczas kompilowania funkcji składowej „T CMatrix<T>::b_convert_double_float(std::string)” klasy klasa szablon
          with
          [
              T=float
          ]
C:\Users\karol\source\repos\matrix2\matrix2\CMatrix.h(209): message : zobacz odwołanie do kompilowanego tworzenia wystąpienia „T CMatrix<T>::b_convert_double_float(std::string)” funkcji szablon
          with
          [
              T=float
          ]
C:\Users\karol\source\repos\matrix2\matrix2\CMatrix.h(264,16): warning C4244: "return": konwersja z "int" do "T", możliwa utrata danych
          with
          [
              T=float
          ]
C:\Users\karol\source\repos\matrix2\matrix2\CMatrix.h(260): message : podczas kompilowania funkcji składowej „T CMatrix<T>::i_pow(int,int)” klasy klasa szablon
          with
          [
              T=float
          ]
C:\Users\karol\source\repos\matrix2\matrix2\CMatrix.h(242): message : zobacz odwołanie do kompilowanego tworzenia wystąpienia „T CMatrix<T>::i_pow(int,int)” funkcji szablon
          with
          [
              T=float
          ]
C:\Users\karol\source\repos\matrix2\matrix2\CMatrix.h(306): message : podczas kompilowania funkcji składowej „void CMatrix<float>::v_fill_matrix(T)” klasy klasa szablon
          with
          [
              T=float
          ]
C:\Users\karol\source\repos\matrix2\matrix2\CMatrix.h(77): message : zobacz odwołanie do kompilowanego tworzenia wystąpienia „void CMatrix<float>::v_fill_matrix(T)” funkcji szablon
          with
          [
              T=float
          ]
  Generowanie kodu...
  matrix2.vcxproj -> C:\Users\karol\source\repos\matrix2\Debug\matrix2.exe
